INFO [2020-03-18 14:30:55] $x
INFO [2020-03-18 14:30:55] list(f[, pval_0], f[, pval_005_0], f[, zuo])
INFO [2020-03-18 14:30:55] 
INFO [2020-03-18 14:30:55] $category.names
INFO [2020-03-18 14:30:55] c("Booba (1995)", "Nekfeu (663)", "Brassens (471)")
INFO [2020-03-18 14:30:55] 
INFO [2020-03-18 14:30:55] $filename
INFO [2020-03-18 14:30:55] [1] "venn.png"
INFO [2020-03-18 14:30:55] 
INFO [2020-03-18 14:30:55] $output
INFO [2020-03-18 14:30:55] [1] TRUE
INFO [2020-03-18 14:30:55] 
INFO [2020-03-18 14:30:55] $imagetype
INFO [2020-03-18 14:30:55] [1] "png"
INFO [2020-03-18 14:30:55] 
INFO [2020-03-18 14:30:55] $height
INFO [2020-03-18 14:30:55] [1] 480
INFO [2020-03-18 14:30:55] 
INFO [2020-03-18 14:30:55] $width
INFO [2020-03-18 14:30:55] [1] 480
INFO [2020-03-18 14:30:55] 
INFO [2020-03-18 14:30:55] $resolution
INFO [2020-03-18 14:30:55] [1] 300
INFO [2020-03-18 14:30:55] 
INFO [2020-03-18 14:30:55] $compression
INFO [2020-03-18 14:30:55] [1] "lzw"
INFO [2020-03-18 14:30:55] 
INFO [2020-03-18 14:30:55] $lwd
INFO [2020-03-18 14:30:55] [1] 1
INFO [2020-03-18 14:30:55] 
INFO [2020-03-18 14:30:55] $col
INFO [2020-03-18 14:30:55] c("#440154ff", "#21908dff", "#fde725ff")
INFO [2020-03-18 14:30:55] 
INFO [2020-03-18 14:30:55] $fill
INFO [2020-03-18 14:30:55] c(alpha("#440154ff", 0.3), alpha("#21908dff", 0.3), alpha("#fde725ff", 
INFO [2020-03-18 14:30:55]     0.3))
INFO [2020-03-18 14:30:55] 
INFO [2020-03-18 14:30:55] $cex
INFO [2020-03-18 14:30:55] [1] 0.5
INFO [2020-03-18 14:30:55] 
INFO [2020-03-18 14:30:55] $fontfamily
INFO [2020-03-18 14:30:55] [1] "sans"
INFO [2020-03-18 14:30:55] 
INFO [2020-03-18 14:30:55] $cat.cex
INFO [2020-03-18 14:30:55] [1] 0.3
INFO [2020-03-18 14:30:55] 
INFO [2020-03-18 14:30:55] $cat.default.pos
INFO [2020-03-18 14:30:55] [1] "outer"
INFO [2020-03-18 14:30:55] 
INFO [2020-03-18 14:30:55] $cat.pos
INFO [2020-03-18 14:30:55] c(-27, 27, 135)
INFO [2020-03-18 14:30:55] 
INFO [2020-03-18 14:30:55] $cat.dist
INFO [2020-03-18 14:30:55] c(0.055, 0.055, 0.085)
INFO [2020-03-18 14:30:55] 
INFO [2020-03-18 14:30:55] $cat.fontfamily
INFO [2020-03-18 14:30:55] [1] "sans"
INFO [2020-03-18 14:30:55] 
INFO [2020-03-18 14:30:55] $cat.col
INFO [2020-03-18 14:30:55] c("#440154ff", "#21908dff", "#fde725ff")
INFO [2020-03-18 14:30:55] 
INFO [2020-03-18 14:30:55] $rotation
INFO [2020-03-18 14:30:55] [1] 1
INFO [2020-03-18 14:30:55] 
