INFO [2020-03-18 15:04:32] $x
INFO [2020-03-18 15:04:32] list(f[!pval_0 == "", pval_0], f[!pval_005_0 == "", pval_005_0], 
INFO [2020-03-18 15:04:32]     f[!zuo == "", zuo])
INFO [2020-03-18 15:04:32] 
INFO [2020-03-18 15:04:32] $category.names
INFO [2020-03-18 15:04:32] c("Pvalue=0", "0<=Pvalue<=0.05", "Zuo")
INFO [2020-03-18 15:04:32] 
INFO [2020-03-18 15:04:32] $filename
INFO [2020-03-18 15:04:32] [1] "venn.png"
INFO [2020-03-18 15:04:32] 
INFO [2020-03-18 15:04:32] $output
INFO [2020-03-18 15:04:32] [1] TRUE
INFO [2020-03-18 15:04:32] 
INFO [2020-03-18 15:04:32] $imagetype
INFO [2020-03-18 15:04:32] [1] "png"
INFO [2020-03-18 15:04:32] 
INFO [2020-03-18 15:04:32] $height
INFO [2020-03-18 15:04:32] [1] 480
INFO [2020-03-18 15:04:32] 
INFO [2020-03-18 15:04:32] $width
INFO [2020-03-18 15:04:32] [1] 480
INFO [2020-03-18 15:04:32] 
INFO [2020-03-18 15:04:32] $resolution
INFO [2020-03-18 15:04:32] [1] 300
INFO [2020-03-18 15:04:32] 
INFO [2020-03-18 15:04:32] $compression
INFO [2020-03-18 15:04:32] [1] "lzw"
INFO [2020-03-18 15:04:32] 
INFO [2020-03-18 15:04:32] $lwd
INFO [2020-03-18 15:04:32] [1] 1
INFO [2020-03-18 15:04:32] 
INFO [2020-03-18 15:04:32] $col
INFO [2020-03-18 15:04:32] c("#440154ff", "#21908dff", "#fde725ff")
INFO [2020-03-18 15:04:32] 
INFO [2020-03-18 15:04:32] $fill
INFO [2020-03-18 15:04:32] c(alpha("#440154ff", 0.3), alpha("#21908dff", 0.3), alpha("#fde725ff", 
INFO [2020-03-18 15:04:32]     0.3))
INFO [2020-03-18 15:04:32] 
INFO [2020-03-18 15:04:32] $cex
INFO [2020-03-18 15:04:32] [1] 0.5
INFO [2020-03-18 15:04:32] 
INFO [2020-03-18 15:04:32] $fontfamily
INFO [2020-03-18 15:04:32] [1] "sans"
INFO [2020-03-18 15:04:32] 
INFO [2020-03-18 15:04:32] $cat.cex
INFO [2020-03-18 15:04:32] [1] 0.3
INFO [2020-03-18 15:04:32] 
INFO [2020-03-18 15:04:32] $cat.default.pos
INFO [2020-03-18 15:04:32] [1] "outer"
INFO [2020-03-18 15:04:32] 
INFO [2020-03-18 15:04:32] $cat.pos
INFO [2020-03-18 15:04:32] c(-27, 27, 135)
INFO [2020-03-18 15:04:32] 
INFO [2020-03-18 15:04:32] $cat.dist
INFO [2020-03-18 15:04:32] c(0.055, 0.055, 0.085)
INFO [2020-03-18 15:04:32] 
INFO [2020-03-18 15:04:32] $cat.fontfamily
INFO [2020-03-18 15:04:32] [1] "sans"
INFO [2020-03-18 15:04:32] 
INFO [2020-03-18 15:04:32] $cat.col
INFO [2020-03-18 15:04:32] c("#440154ff", "#21908dff", "#fde725ff")
INFO [2020-03-18 15:04:32] 
INFO [2020-03-18 15:04:32] $rotation
INFO [2020-03-18 15:04:32] [1] 1
INFO [2020-03-18 15:04:32] 
