INFO [2020-03-18 15:30:57] $x
INFO [2020-03-18 15:30:57] list(f[!pval_0 == "", pval_0], f[!zuo == "", zuo])
INFO [2020-03-18 15:30:57] 
INFO [2020-03-18 15:30:57] $category.names
INFO [2020-03-18 15:30:57] c("Pvalue=0", "Zuo")
INFO [2020-03-18 15:30:57] 
INFO [2020-03-18 15:30:57] $filename
INFO [2020-03-18 15:30:57] [1] "venn.png"
INFO [2020-03-18 15:30:57] 
INFO [2020-03-18 15:30:57] $output
INFO [2020-03-18 15:30:57] [1] TRUE
INFO [2020-03-18 15:30:57] 
INFO [2020-03-18 15:30:57] $imagetype
INFO [2020-03-18 15:30:57] [1] "png"
INFO [2020-03-18 15:30:57] 
INFO [2020-03-18 15:30:57] $height
INFO [2020-03-18 15:30:57] [1] 480
INFO [2020-03-18 15:30:57] 
INFO [2020-03-18 15:30:57] $width
INFO [2020-03-18 15:30:57] [1] 480
INFO [2020-03-18 15:30:57] 
INFO [2020-03-18 15:30:57] $resolution
INFO [2020-03-18 15:30:57] [1] 300
INFO [2020-03-18 15:30:57] 
INFO [2020-03-18 15:30:57] $compression
INFO [2020-03-18 15:30:57] [1] "lzw"
INFO [2020-03-18 15:30:57] 
INFO [2020-03-18 15:30:57] $lwd
INFO [2020-03-18 15:30:57] [1] 1
INFO [2020-03-18 15:30:57] 
INFO [2020-03-18 15:30:57] $col
INFO [2020-03-18 15:30:57] c("#440154ff", "#21908dff")
INFO [2020-03-18 15:30:57] 
INFO [2020-03-18 15:30:57] $fill
INFO [2020-03-18 15:30:57] c(alpha("#440154ff", 0.3), alpha("#21908dff", 0.3))
INFO [2020-03-18 15:30:57] 
INFO [2020-03-18 15:30:57] $cex
INFO [2020-03-18 15:30:57] [1] 0.5
INFO [2020-03-18 15:30:57] 
INFO [2020-03-18 15:30:57] $fontfamily
INFO [2020-03-18 15:30:57] [1] "sans"
INFO [2020-03-18 15:30:57] 
INFO [2020-03-18 15:30:57] $cat.cex
INFO [2020-03-18 15:30:57] [1] 0.3
INFO [2020-03-18 15:30:57] 
INFO [2020-03-18 15:30:57] $cat.default.pos
INFO [2020-03-18 15:30:57] [1] "outer"
INFO [2020-03-18 15:30:57] 
INFO [2020-03-18 15:30:57] $cat.dist
INFO [2020-03-18 15:30:57] c(0.055, 0.055)
INFO [2020-03-18 15:30:57] 
INFO [2020-03-18 15:30:57] $cat.fontfamily
INFO [2020-03-18 15:30:57] [1] "sans"
INFO [2020-03-18 15:30:57] 
INFO [2020-03-18 15:30:57] $cat.col
INFO [2020-03-18 15:30:57] c("#440154ff", "#21908dff")
INFO [2020-03-18 15:30:57] 
INFO [2020-03-18 15:30:57] $rotation
INFO [2020-03-18 15:30:57] [1] 1
INFO [2020-03-18 15:30:57] 
