INFO [2020-03-18 15:00:41] $x
INFO [2020-03-18 15:00:41] list(f[, pval_0], f[, pval_005_0], f[, zuo])
INFO [2020-03-18 15:00:41] 
INFO [2020-03-18 15:00:41] $category.names
INFO [2020-03-18 15:00:41] c("Pvalue=0", "0<=Pvalue<=0.05", "Zuo")
INFO [2020-03-18 15:00:41] 
INFO [2020-03-18 15:00:41] $filename
INFO [2020-03-18 15:00:41] [1] "venn.png"
INFO [2020-03-18 15:00:41] 
INFO [2020-03-18 15:00:41] $output
INFO [2020-03-18 15:00:41] [1] TRUE
INFO [2020-03-18 15:00:41] 
INFO [2020-03-18 15:00:41] $imagetype
INFO [2020-03-18 15:00:41] [1] "png"
INFO [2020-03-18 15:00:41] 
INFO [2020-03-18 15:00:41] $height
INFO [2020-03-18 15:00:41] [1] 480
INFO [2020-03-18 15:00:41] 
INFO [2020-03-18 15:00:41] $width
INFO [2020-03-18 15:00:41] [1] 480
INFO [2020-03-18 15:00:41] 
INFO [2020-03-18 15:00:41] $resolution
INFO [2020-03-18 15:00:41] [1] 300
INFO [2020-03-18 15:00:41] 
INFO [2020-03-18 15:00:41] $compression
INFO [2020-03-18 15:00:41] [1] "lzw"
INFO [2020-03-18 15:00:41] 
INFO [2020-03-18 15:00:41] $lwd
INFO [2020-03-18 15:00:41] [1] 1
INFO [2020-03-18 15:00:41] 
INFO [2020-03-18 15:00:41] $col
INFO [2020-03-18 15:00:41] c("#440154ff", "#21908dff", "#fde725ff")
INFO [2020-03-18 15:00:41] 
INFO [2020-03-18 15:00:41] $fill
INFO [2020-03-18 15:00:41] c(alpha("#440154ff", 0.3), alpha("#21908dff", 0.3), alpha("#fde725ff", 
INFO [2020-03-18 15:00:41]     0.3))
INFO [2020-03-18 15:00:41] 
INFO [2020-03-18 15:00:41] $cex
INFO [2020-03-18 15:00:41] [1] 0.5
INFO [2020-03-18 15:00:41] 
INFO [2020-03-18 15:00:41] $fontfamily
INFO [2020-03-18 15:00:41] [1] "sans"
INFO [2020-03-18 15:00:41] 
INFO [2020-03-18 15:00:41] $cat.cex
INFO [2020-03-18 15:00:41] [1] 0.3
INFO [2020-03-18 15:00:41] 
INFO [2020-03-18 15:00:41] $cat.default.pos
INFO [2020-03-18 15:00:41] [1] "outer"
INFO [2020-03-18 15:00:41] 
INFO [2020-03-18 15:00:41] $cat.pos
INFO [2020-03-18 15:00:41] c(-27, 27, 135)
INFO [2020-03-18 15:00:41] 
INFO [2020-03-18 15:00:41] $cat.dist
INFO [2020-03-18 15:00:41] c(0.055, 0.055, 0.085)
INFO [2020-03-18 15:00:41] 
INFO [2020-03-18 15:00:41] $cat.fontfamily
INFO [2020-03-18 15:00:41] [1] "sans"
INFO [2020-03-18 15:00:41] 
INFO [2020-03-18 15:00:41] $cat.col
INFO [2020-03-18 15:00:41] c("#440154ff", "#21908dff", "#fde725ff")
INFO [2020-03-18 15:00:41] 
INFO [2020-03-18 15:00:41] $rotation
INFO [2020-03-18 15:00:41] [1] 1
INFO [2020-03-18 15:00:41] 
