INFO [2020-03-18 14:51:45] $x
INFO [2020-03-18 14:51:45] list(f[, pval_0], f[, pval_005_0], f[, zuo])
INFO [2020-03-18 14:51:45] 
INFO [2020-03-18 14:51:45] $category.names
INFO [2020-03-18 14:51:45] c("Pvalue=0", "0<=Pvalue<=0.05", "Zuo")
INFO [2020-03-18 14:51:45] 
INFO [2020-03-18 14:51:45] $filename
INFO [2020-03-18 14:51:45] [1] "venn.png"
INFO [2020-03-18 14:51:45] 
INFO [2020-03-18 14:51:45] $output
INFO [2020-03-18 14:51:45] [1] TRUE
INFO [2020-03-18 14:51:45] 
INFO [2020-03-18 14:51:45] $imagetype
INFO [2020-03-18 14:51:45] [1] "png"
INFO [2020-03-18 14:51:45] 
INFO [2020-03-18 14:51:45] $height
INFO [2020-03-18 14:51:45] [1] 480
INFO [2020-03-18 14:51:45] 
INFO [2020-03-18 14:51:45] $width
INFO [2020-03-18 14:51:45] [1] 480
INFO [2020-03-18 14:51:45] 
INFO [2020-03-18 14:51:45] $resolution
INFO [2020-03-18 14:51:45] [1] 300
INFO [2020-03-18 14:51:45] 
INFO [2020-03-18 14:51:45] $compression
INFO [2020-03-18 14:51:45] [1] "lzw"
INFO [2020-03-18 14:51:45] 
INFO [2020-03-18 14:51:45] $lwd
INFO [2020-03-18 14:51:45] [1] 1
INFO [2020-03-18 14:51:45] 
INFO [2020-03-18 14:51:45] $col
INFO [2020-03-18 14:51:45] c("#440154ff", "#21908dff", "#fde725ff")
INFO [2020-03-18 14:51:45] 
INFO [2020-03-18 14:51:45] $fill
INFO [2020-03-18 14:51:45] c(alpha("#440154ff", 0.3), alpha("#21908dff", 0.3), alpha("#fde725ff", 
INFO [2020-03-18 14:51:45]     0.3))
INFO [2020-03-18 14:51:45] 
INFO [2020-03-18 14:51:45] $cex
INFO [2020-03-18 14:51:45] [1] 0.5
INFO [2020-03-18 14:51:45] 
INFO [2020-03-18 14:51:45] $fontfamily
INFO [2020-03-18 14:51:45] [1] "sans"
INFO [2020-03-18 14:51:45] 
INFO [2020-03-18 14:51:45] $cat.cex
INFO [2020-03-18 14:51:45] [1] 0.3
INFO [2020-03-18 14:51:45] 
INFO [2020-03-18 14:51:45] $cat.default.pos
INFO [2020-03-18 14:51:45] [1] "outer"
INFO [2020-03-18 14:51:45] 
INFO [2020-03-18 14:51:45] $cat.pos
INFO [2020-03-18 14:51:45] c(-27, 27, 135)
INFO [2020-03-18 14:51:45] 
INFO [2020-03-18 14:51:45] $cat.dist
INFO [2020-03-18 14:51:45] c(0.055, 0.055, 0.085)
INFO [2020-03-18 14:51:45] 
INFO [2020-03-18 14:51:45] $cat.fontfamily
INFO [2020-03-18 14:51:45] [1] "sans"
INFO [2020-03-18 14:51:45] 
INFO [2020-03-18 14:51:45] $cat.col
INFO [2020-03-18 14:51:45] c("#440154ff", "#21908dff", "#fde725ff")
INFO [2020-03-18 14:51:45] 
INFO [2020-03-18 14:51:45] $rotation
INFO [2020-03-18 14:51:45] [1] 1
INFO [2020-03-18 14:51:45] 
