INFO [2020-03-18 14:59:48] $x
INFO [2020-03-18 14:59:48] list(f[, pval_0], f[, pval_005_0], f[, zuo])
INFO [2020-03-18 14:59:48] 
INFO [2020-03-18 14:59:48] $category.names
INFO [2020-03-18 14:59:48] c("Pvalue=0", "0<=Pvalue<=0.05", "Zuo")
INFO [2020-03-18 14:59:48] 
INFO [2020-03-18 14:59:48] $filename
INFO [2020-03-18 14:59:48] [1] "venn.png"
INFO [2020-03-18 14:59:48] 
INFO [2020-03-18 14:59:48] $output
INFO [2020-03-18 14:59:48] [1] TRUE
INFO [2020-03-18 14:59:48] 
INFO [2020-03-18 14:59:48] $imagetype
INFO [2020-03-18 14:59:48] [1] "png"
INFO [2020-03-18 14:59:48] 
INFO [2020-03-18 14:59:48] $height
INFO [2020-03-18 14:59:48] [1] 480
INFO [2020-03-18 14:59:48] 
INFO [2020-03-18 14:59:48] $width
INFO [2020-03-18 14:59:48] [1] 480
INFO [2020-03-18 14:59:48] 
INFO [2020-03-18 14:59:48] $resolution
INFO [2020-03-18 14:59:48] [1] 300
INFO [2020-03-18 14:59:48] 
INFO [2020-03-18 14:59:48] $compression
INFO [2020-03-18 14:59:48] [1] "lzw"
INFO [2020-03-18 14:59:48] 
INFO [2020-03-18 14:59:48] $lwd
INFO [2020-03-18 14:59:48] [1] 1
INFO [2020-03-18 14:59:48] 
INFO [2020-03-18 14:59:48] $col
INFO [2020-03-18 14:59:48] c("#440154ff", "#21908dff", "#fde725ff")
INFO [2020-03-18 14:59:48] 
INFO [2020-03-18 14:59:48] $fill
INFO [2020-03-18 14:59:48] c(alpha("#440154ff", 0.3), alpha("#21908dff", 0.3), alpha("#fde725ff", 
INFO [2020-03-18 14:59:48]     0.3))
INFO [2020-03-18 14:59:48] 
INFO [2020-03-18 14:59:48] $cex
INFO [2020-03-18 14:59:48] [1] 0.5
INFO [2020-03-18 14:59:48] 
INFO [2020-03-18 14:59:48] $fontfamily
INFO [2020-03-18 14:59:48] [1] "sans"
INFO [2020-03-18 14:59:48] 
INFO [2020-03-18 14:59:48] $cat.cex
INFO [2020-03-18 14:59:48] [1] 0.3
INFO [2020-03-18 14:59:48] 
INFO [2020-03-18 14:59:48] $cat.default.pos
INFO [2020-03-18 14:59:48] [1] "outer"
INFO [2020-03-18 14:59:48] 
INFO [2020-03-18 14:59:48] $cat.pos
INFO [2020-03-18 14:59:48] c(-27, 27, 135)
INFO [2020-03-18 14:59:48] 
INFO [2020-03-18 14:59:48] $cat.dist
INFO [2020-03-18 14:59:48] c(0.055, 0.055, 0.085)
INFO [2020-03-18 14:59:48] 
INFO [2020-03-18 14:59:48] $cat.fontfamily
INFO [2020-03-18 14:59:48] [1] "sans"
INFO [2020-03-18 14:59:48] 
INFO [2020-03-18 14:59:48] $cat.col
INFO [2020-03-18 14:59:48] c("#440154ff", "#21908dff", "#fde725ff")
INFO [2020-03-18 14:59:48] 
INFO [2020-03-18 14:59:48] $rotation
INFO [2020-03-18 14:59:48] [1] 1
INFO [2020-03-18 14:59:48] 
