INFO [2020-03-18 15:29:10] $x
INFO [2020-03-18 15:29:10] list(f[!pval_0 == "", pval_0], f[!zuo == "", zuo])
INFO [2020-03-18 15:29:10] 
INFO [2020-03-18 15:29:10] $category.names
INFO [2020-03-18 15:29:10] c("Pvalue=0", "Zuo")
INFO [2020-03-18 15:29:10] 
INFO [2020-03-18 15:29:10] $filename
INFO [2020-03-18 15:29:10] [1] "venn.png"
INFO [2020-03-18 15:29:10] 
INFO [2020-03-18 15:29:10] $output
INFO [2020-03-18 15:29:10] [1] TRUE
INFO [2020-03-18 15:29:10] 
INFO [2020-03-18 15:29:10] $imagetype
INFO [2020-03-18 15:29:10] [1] "png"
INFO [2020-03-18 15:29:10] 
INFO [2020-03-18 15:29:10] $height
INFO [2020-03-18 15:29:10] [1] 480
INFO [2020-03-18 15:29:10] 
INFO [2020-03-18 15:29:10] $width
INFO [2020-03-18 15:29:10] [1] 480
INFO [2020-03-18 15:29:10] 
INFO [2020-03-18 15:29:10] $resolution
INFO [2020-03-18 15:29:10] [1] 300
INFO [2020-03-18 15:29:10] 
INFO [2020-03-18 15:29:10] $compression
INFO [2020-03-18 15:29:10] [1] "lzw"
INFO [2020-03-18 15:29:10] 
INFO [2020-03-18 15:29:10] $lwd
INFO [2020-03-18 15:29:10] [1] 1
INFO [2020-03-18 15:29:10] 
INFO [2020-03-18 15:29:10] $col
INFO [2020-03-18 15:29:10] c("#440154ff", "#21908dff")
INFO [2020-03-18 15:29:10] 
INFO [2020-03-18 15:29:10] $fill
INFO [2020-03-18 15:29:10] c(alpha("#440154ff", 0.3), alpha("#21908dff", 0.3))
INFO [2020-03-18 15:29:10] 
INFO [2020-03-18 15:29:10] $cex
INFO [2020-03-18 15:29:10] [1] 0.5
INFO [2020-03-18 15:29:10] 
INFO [2020-03-18 15:29:10] $fontfamily
INFO [2020-03-18 15:29:10] [1] "sans"
INFO [2020-03-18 15:29:10] 
INFO [2020-03-18 15:29:10] $cat.cex
INFO [2020-03-18 15:29:10] [1] 0.3
INFO [2020-03-18 15:29:10] 
INFO [2020-03-18 15:29:10] $cat.default.pos
INFO [2020-03-18 15:29:10] [1] "outer"
INFO [2020-03-18 15:29:10] 
INFO [2020-03-18 15:29:10] $cat.fontfamily
INFO [2020-03-18 15:29:10] [1] "sans"
INFO [2020-03-18 15:29:10] 
INFO [2020-03-18 15:29:10] $cat.col
INFO [2020-03-18 15:29:10] c("#440154ff", "#21908dff")
INFO [2020-03-18 15:29:10] 
INFO [2020-03-18 15:29:10] $rotation
INFO [2020-03-18 15:29:10] [1] 1
INFO [2020-03-18 15:29:10] 
