INFO [2020-03-18 15:20:06] $x
INFO [2020-03-18 15:20:06] list(f[!pval_0 == "", pval_0], f[!pval_005_0 == "", pval_005_0], 
INFO [2020-03-18 15:20:06]     f[!zuo == "", zuo])
INFO [2020-03-18 15:20:06] 
INFO [2020-03-18 15:20:06] $category.names
INFO [2020-03-18 15:20:06] c("Pvalue=0", "0<=Pvalue<=0.05", "Zuo")
INFO [2020-03-18 15:20:06] 
INFO [2020-03-18 15:20:06] $filename
INFO [2020-03-18 15:20:06] [1] "venn.png"
INFO [2020-03-18 15:20:06] 
INFO [2020-03-18 15:20:06] $output
INFO [2020-03-18 15:20:06] [1] TRUE
INFO [2020-03-18 15:20:06] 
INFO [2020-03-18 15:20:06] $imagetype
INFO [2020-03-18 15:20:06] [1] "png"
INFO [2020-03-18 15:20:06] 
INFO [2020-03-18 15:20:06] $height
INFO [2020-03-18 15:20:06] [1] 480
INFO [2020-03-18 15:20:06] 
INFO [2020-03-18 15:20:06] $width
INFO [2020-03-18 15:20:06] [1] 480
INFO [2020-03-18 15:20:06] 
INFO [2020-03-18 15:20:06] $resolution
INFO [2020-03-18 15:20:06] [1] 300
INFO [2020-03-18 15:20:06] 
INFO [2020-03-18 15:20:06] $compression
INFO [2020-03-18 15:20:06] [1] "lzw"
INFO [2020-03-18 15:20:06] 
INFO [2020-03-18 15:20:06] $lwd
INFO [2020-03-18 15:20:06] [1] 1
INFO [2020-03-18 15:20:06] 
INFO [2020-03-18 15:20:06] $col
INFO [2020-03-18 15:20:06] c("#440154ff", "#21908dff", "#fde725ff")
INFO [2020-03-18 15:20:06] 
INFO [2020-03-18 15:20:06] $fill
INFO [2020-03-18 15:20:06] c(alpha("#440154ff", 0.3), alpha("#21908dff", 0.3), alpha("#fde725ff", 
INFO [2020-03-18 15:20:06]     0.3))
INFO [2020-03-18 15:20:06] 
INFO [2020-03-18 15:20:06] $cex
INFO [2020-03-18 15:20:06] [1] 0.5
INFO [2020-03-18 15:20:06] 
INFO [2020-03-18 15:20:06] $fontfamily
INFO [2020-03-18 15:20:06] [1] "sans"
INFO [2020-03-18 15:20:06] 
INFO [2020-03-18 15:20:06] $cat.cex
INFO [2020-03-18 15:20:06] [1] 0.3
INFO [2020-03-18 15:20:06] 
INFO [2020-03-18 15:20:06] $cat.default.pos
INFO [2020-03-18 15:20:06] [1] "outer"
INFO [2020-03-18 15:20:06] 
INFO [2020-03-18 15:20:06] $cat.pos
INFO [2020-03-18 15:20:06] c(-27, 27, 135)
INFO [2020-03-18 15:20:06] 
INFO [2020-03-18 15:20:06] $cat.dist
INFO [2020-03-18 15:20:06] c(0.055, 0.055, 0.085)
INFO [2020-03-18 15:20:06] 
INFO [2020-03-18 15:20:06] $cat.fontfamily
INFO [2020-03-18 15:20:06] [1] "sans"
INFO [2020-03-18 15:20:06] 
INFO [2020-03-18 15:20:06] $cat.col
INFO [2020-03-18 15:20:06] c("#440154ff", "#21908dff", "#fde725ff")
INFO [2020-03-18 15:20:06] 
INFO [2020-03-18 15:20:06] $rotation
INFO [2020-03-18 15:20:06] [1] 1
INFO [2020-03-18 15:20:06] 
