INFO [2020-03-18 14:32:07] $x
INFO [2020-03-18 14:32:07] list(f[, pval_0], f[, pval_005_0], f[, zuo])
INFO [2020-03-18 14:32:07] 
INFO [2020-03-18 14:32:07] $category.names
INFO [2020-03-18 14:32:07] c("Booba (1995)", "Nekfeu (663)", "Brassens (471)")
INFO [2020-03-18 14:32:07] 
INFO [2020-03-18 14:32:07] $filename
INFO [2020-03-18 14:32:07] [1] "venn.png"
INFO [2020-03-18 14:32:07] 
INFO [2020-03-18 14:32:07] $output
INFO [2020-03-18 14:32:07] [1] TRUE
INFO [2020-03-18 14:32:07] 
INFO [2020-03-18 14:32:07] $imagetype
INFO [2020-03-18 14:32:07] [1] "png"
INFO [2020-03-18 14:32:07] 
INFO [2020-03-18 14:32:07] $height
INFO [2020-03-18 14:32:07] [1] 480
INFO [2020-03-18 14:32:07] 
INFO [2020-03-18 14:32:07] $width
INFO [2020-03-18 14:32:07] [1] 480
INFO [2020-03-18 14:32:07] 
INFO [2020-03-18 14:32:07] $resolution
INFO [2020-03-18 14:32:07] [1] 300
INFO [2020-03-18 14:32:07] 
INFO [2020-03-18 14:32:07] $compression
INFO [2020-03-18 14:32:07] [1] "lzw"
INFO [2020-03-18 14:32:07] 
INFO [2020-03-18 14:32:07] $lwd
INFO [2020-03-18 14:32:07] [1] 1
INFO [2020-03-18 14:32:07] 
INFO [2020-03-18 14:32:07] $col
INFO [2020-03-18 14:32:07] c("#440154ff", "#21908dff", "#fde725ff")
INFO [2020-03-18 14:32:07] 
INFO [2020-03-18 14:32:07] $fill
INFO [2020-03-18 14:32:07] c(alpha("#440154ff", 0.3), alpha("#21908dff", 0.3), alpha("#fde725ff", 
INFO [2020-03-18 14:32:07]     0.3))
INFO [2020-03-18 14:32:07] 
INFO [2020-03-18 14:32:07] $cex
INFO [2020-03-18 14:32:07] [1] 0.5
INFO [2020-03-18 14:32:07] 
INFO [2020-03-18 14:32:07] $fontfamily
INFO [2020-03-18 14:32:07] [1] "sans"
INFO [2020-03-18 14:32:07] 
INFO [2020-03-18 14:32:07] $cat.cex
INFO [2020-03-18 14:32:07] [1] 0.3
INFO [2020-03-18 14:32:07] 
INFO [2020-03-18 14:32:07] $cat.default.pos
INFO [2020-03-18 14:32:07] [1] "outer"
INFO [2020-03-18 14:32:07] 
INFO [2020-03-18 14:32:07] $cat.pos
INFO [2020-03-18 14:32:07] c(-27, 27, 135)
INFO [2020-03-18 14:32:07] 
INFO [2020-03-18 14:32:07] $cat.dist
INFO [2020-03-18 14:32:07] c(0.055, 0.055, 0.085)
INFO [2020-03-18 14:32:07] 
INFO [2020-03-18 14:32:07] $cat.fontfamily
INFO [2020-03-18 14:32:07] [1] "sans"
INFO [2020-03-18 14:32:07] 
INFO [2020-03-18 14:32:07] $cat.col
INFO [2020-03-18 14:32:07] c("#440154ff", "#21908dff", "#fde725ff")
INFO [2020-03-18 14:32:07] 
INFO [2020-03-18 14:32:07] $rotation
INFO [2020-03-18 14:32:07] [1] 1
INFO [2020-03-18 14:32:07] 
