INFO [2020-03-18 15:30:09] $x
INFO [2020-03-18 15:30:09] list(f[!pval_0 == "", pval_0], f[!zuo == "", zuo])
INFO [2020-03-18 15:30:09] 
INFO [2020-03-18 15:30:09] $category.names
INFO [2020-03-18 15:30:09] c("Pvalue=0", "Zuo")
INFO [2020-03-18 15:30:09] 
INFO [2020-03-18 15:30:09] $filename
INFO [2020-03-18 15:30:09] [1] "venn.png"
INFO [2020-03-18 15:30:09] 
INFO [2020-03-18 15:30:09] $output
INFO [2020-03-18 15:30:09] [1] TRUE
INFO [2020-03-18 15:30:09] 
INFO [2020-03-18 15:30:09] $imagetype
INFO [2020-03-18 15:30:09] [1] "png"
INFO [2020-03-18 15:30:09] 
INFO [2020-03-18 15:30:09] $height
INFO [2020-03-18 15:30:09] [1] 480
INFO [2020-03-18 15:30:09] 
INFO [2020-03-18 15:30:09] $width
INFO [2020-03-18 15:30:09] [1] 480
INFO [2020-03-18 15:30:09] 
INFO [2020-03-18 15:30:09] $resolution
INFO [2020-03-18 15:30:09] [1] 300
INFO [2020-03-18 15:30:09] 
INFO [2020-03-18 15:30:09] $compression
INFO [2020-03-18 15:30:09] [1] "lzw"
INFO [2020-03-18 15:30:09] 
INFO [2020-03-18 15:30:09] $lwd
INFO [2020-03-18 15:30:09] [1] 1
INFO [2020-03-18 15:30:09] 
INFO [2020-03-18 15:30:09] $col
INFO [2020-03-18 15:30:09] c("#440154ff", "#21908dff")
INFO [2020-03-18 15:30:09] 
INFO [2020-03-18 15:30:09] $fill
INFO [2020-03-18 15:30:09] c(alpha("#440154ff", 0.3), alpha("#21908dff", 0.3))
INFO [2020-03-18 15:30:09] 
INFO [2020-03-18 15:30:09] $cex
INFO [2020-03-18 15:30:09] [1] 0.5
INFO [2020-03-18 15:30:09] 
INFO [2020-03-18 15:30:09] $fontfamily
INFO [2020-03-18 15:30:09] [1] "sans"
INFO [2020-03-18 15:30:09] 
INFO [2020-03-18 15:30:09] $cat.cex
INFO [2020-03-18 15:30:09] [1] 0.3
INFO [2020-03-18 15:30:09] 
INFO [2020-03-18 15:30:09] $cat.default.pos
INFO [2020-03-18 15:30:09] [1] "outer"
INFO [2020-03-18 15:30:09] 
INFO [2020-03-18 15:30:09] $cat.pos
INFO [2020-03-18 15:30:09] c(-27, 27)
INFO [2020-03-18 15:30:09] 
INFO [2020-03-18 15:30:09] $cat.dist
INFO [2020-03-18 15:30:09] c(0.055, 0.055)
INFO [2020-03-18 15:30:09] 
INFO [2020-03-18 15:30:09] $cat.fontfamily
INFO [2020-03-18 15:30:09] [1] "sans"
INFO [2020-03-18 15:30:09] 
INFO [2020-03-18 15:30:09] $cat.col
INFO [2020-03-18 15:30:09] c("#440154ff", "#21908dff")
INFO [2020-03-18 15:30:09] 
INFO [2020-03-18 15:30:09] $rotation
INFO [2020-03-18 15:30:09] [1] 1
INFO [2020-03-18 15:30:09] 
