INFO [2020-03-18 15:03:22] $x
INFO [2020-03-18 15:03:22] list(f[!pval_0 == "", pval_0], f[!pval_005_0 == "", pval_005_0], 
INFO [2020-03-18 15:03:22]     f[!zuo == 0, zuo])
INFO [2020-03-18 15:03:22] 
INFO [2020-03-18 15:03:22] $category.names
INFO [2020-03-18 15:03:22] c("Pvalue=0", "0<=Pvalue<=0.05", "Zuo")
INFO [2020-03-18 15:03:22] 
INFO [2020-03-18 15:03:22] $filename
INFO [2020-03-18 15:03:22] [1] "venn.png"
INFO [2020-03-18 15:03:22] 
INFO [2020-03-18 15:03:22] $output
INFO [2020-03-18 15:03:22] [1] TRUE
INFO [2020-03-18 15:03:22] 
INFO [2020-03-18 15:03:22] $imagetype
INFO [2020-03-18 15:03:22] [1] "png"
INFO [2020-03-18 15:03:22] 
INFO [2020-03-18 15:03:22] $height
INFO [2020-03-18 15:03:22] [1] 480
INFO [2020-03-18 15:03:22] 
INFO [2020-03-18 15:03:22] $width
INFO [2020-03-18 15:03:22] [1] 480
INFO [2020-03-18 15:03:22] 
INFO [2020-03-18 15:03:22] $resolution
INFO [2020-03-18 15:03:22] [1] 300
INFO [2020-03-18 15:03:22] 
INFO [2020-03-18 15:03:22] $compression
INFO [2020-03-18 15:03:22] [1] "lzw"
INFO [2020-03-18 15:03:22] 
INFO [2020-03-18 15:03:22] $lwd
INFO [2020-03-18 15:03:22] [1] 1
INFO [2020-03-18 15:03:22] 
INFO [2020-03-18 15:03:22] $col
INFO [2020-03-18 15:03:22] c("#440154ff", "#21908dff", "#fde725ff")
INFO [2020-03-18 15:03:22] 
INFO [2020-03-18 15:03:22] $fill
INFO [2020-03-18 15:03:22] c(alpha("#440154ff", 0.3), alpha("#21908dff", 0.3), alpha("#fde725ff", 
INFO [2020-03-18 15:03:22]     0.3))
INFO [2020-03-18 15:03:22] 
INFO [2020-03-18 15:03:22] $cex
INFO [2020-03-18 15:03:22] [1] 0.5
INFO [2020-03-18 15:03:22] 
INFO [2020-03-18 15:03:22] $fontfamily
INFO [2020-03-18 15:03:22] [1] "sans"
INFO [2020-03-18 15:03:22] 
INFO [2020-03-18 15:03:22] $cat.cex
INFO [2020-03-18 15:03:22] [1] 0.3
INFO [2020-03-18 15:03:22] 
INFO [2020-03-18 15:03:22] $cat.default.pos
INFO [2020-03-18 15:03:22] [1] "outer"
INFO [2020-03-18 15:03:22] 
INFO [2020-03-18 15:03:22] $cat.pos
INFO [2020-03-18 15:03:22] c(-27, 27, 135)
INFO [2020-03-18 15:03:22] 
INFO [2020-03-18 15:03:22] $cat.dist
INFO [2020-03-18 15:03:22] c(0.055, 0.055, 0.085)
INFO [2020-03-18 15:03:22] 
INFO [2020-03-18 15:03:22] $cat.fontfamily
INFO [2020-03-18 15:03:22] [1] "sans"
INFO [2020-03-18 15:03:22] 
INFO [2020-03-18 15:03:22] $cat.col
INFO [2020-03-18 15:03:22] c("#440154ff", "#21908dff", "#fde725ff")
INFO [2020-03-18 15:03:22] 
INFO [2020-03-18 15:03:22] $rotation
INFO [2020-03-18 15:03:22] [1] 1
INFO [2020-03-18 15:03:22] 
