INFO [2020-03-18 14:33:43] $x
INFO [2020-03-18 14:33:43] list(f[, pval_0], f[, pval_005_0], f[, zuo])
INFO [2020-03-18 14:33:43] 
INFO [2020-03-18 14:33:43] $category.names
INFO [2020-03-18 14:33:43] c("Pvalue=0", "0<Pvalue<0.05", "Zuo")
INFO [2020-03-18 14:33:43] 
INFO [2020-03-18 14:33:43] $filename
INFO [2020-03-18 14:33:43] [1] "venn.png"
INFO [2020-03-18 14:33:43] 
INFO [2020-03-18 14:33:43] $output
INFO [2020-03-18 14:33:43] [1] TRUE
INFO [2020-03-18 14:33:43] 
INFO [2020-03-18 14:33:43] $imagetype
INFO [2020-03-18 14:33:43] [1] "png"
INFO [2020-03-18 14:33:43] 
INFO [2020-03-18 14:33:43] $height
INFO [2020-03-18 14:33:43] [1] 480
INFO [2020-03-18 14:33:43] 
INFO [2020-03-18 14:33:43] $width
INFO [2020-03-18 14:33:43] [1] 480
INFO [2020-03-18 14:33:43] 
INFO [2020-03-18 14:33:43] $resolution
INFO [2020-03-18 14:33:43] [1] 300
INFO [2020-03-18 14:33:43] 
INFO [2020-03-18 14:33:43] $compression
INFO [2020-03-18 14:33:43] [1] "lzw"
INFO [2020-03-18 14:33:43] 
INFO [2020-03-18 14:33:43] $lwd
INFO [2020-03-18 14:33:43] [1] 1
INFO [2020-03-18 14:33:43] 
INFO [2020-03-18 14:33:43] $col
INFO [2020-03-18 14:33:43] c("#440154ff", "#21908dff", "#fde725ff")
INFO [2020-03-18 14:33:43] 
INFO [2020-03-18 14:33:43] $fill
INFO [2020-03-18 14:33:43] c(alpha("#440154ff", 0.3), alpha("#21908dff", 0.3), alpha("#fde725ff", 
INFO [2020-03-18 14:33:43]     0.3))
INFO [2020-03-18 14:33:43] 
INFO [2020-03-18 14:33:43] $cex
INFO [2020-03-18 14:33:43] [1] 0.5
INFO [2020-03-18 14:33:43] 
INFO [2020-03-18 14:33:43] $fontfamily
INFO [2020-03-18 14:33:43] [1] "sans"
INFO [2020-03-18 14:33:43] 
INFO [2020-03-18 14:33:43] $cat.cex
INFO [2020-03-18 14:33:43] [1] 0.3
INFO [2020-03-18 14:33:43] 
INFO [2020-03-18 14:33:43] $cat.default.pos
INFO [2020-03-18 14:33:43] [1] "outer"
INFO [2020-03-18 14:33:43] 
INFO [2020-03-18 14:33:43] $cat.pos
INFO [2020-03-18 14:33:43] c(-27, 27, 135)
INFO [2020-03-18 14:33:43] 
INFO [2020-03-18 14:33:43] $cat.dist
INFO [2020-03-18 14:33:43] c(0.055, 0.055, 0.085)
INFO [2020-03-18 14:33:43] 
INFO [2020-03-18 14:33:43] $cat.fontfamily
INFO [2020-03-18 14:33:43] [1] "sans"
INFO [2020-03-18 14:33:43] 
INFO [2020-03-18 14:33:43] $cat.col
INFO [2020-03-18 14:33:43] c("#440154ff", "#21908dff", "#fde725ff")
INFO [2020-03-18 14:33:43] 
INFO [2020-03-18 14:33:43] $rotation
INFO [2020-03-18 14:33:43] [1] 1
INFO [2020-03-18 14:33:43] 
