INFO [2020-03-18 15:31:49] $x
INFO [2020-03-18 15:31:49] list(f[!pval_0 == "", pval_0], f[!zuo == "", zuo])
INFO [2020-03-18 15:31:49] 
INFO [2020-03-18 15:31:49] $category.names
INFO [2020-03-18 15:31:49] c("Pvalue=0", "Zuo")
INFO [2020-03-18 15:31:49] 
INFO [2020-03-18 15:31:49] $filename
INFO [2020-03-18 15:31:49] [1] "venn.png"
INFO [2020-03-18 15:31:49] 
INFO [2020-03-18 15:31:49] $output
INFO [2020-03-18 15:31:49] [1] TRUE
INFO [2020-03-18 15:31:49] 
INFO [2020-03-18 15:31:49] $imagetype
INFO [2020-03-18 15:31:49] [1] "png"
INFO [2020-03-18 15:31:49] 
INFO [2020-03-18 15:31:49] $height
INFO [2020-03-18 15:31:49] [1] 480
INFO [2020-03-18 15:31:49] 
INFO [2020-03-18 15:31:49] $width
INFO [2020-03-18 15:31:49] [1] 480
INFO [2020-03-18 15:31:49] 
INFO [2020-03-18 15:31:49] $resolution
INFO [2020-03-18 15:31:49] [1] 300
INFO [2020-03-18 15:31:49] 
INFO [2020-03-18 15:31:49] $compression
INFO [2020-03-18 15:31:49] [1] "lzw"
INFO [2020-03-18 15:31:49] 
INFO [2020-03-18 15:31:49] $lwd
INFO [2020-03-18 15:31:49] [1] 1
INFO [2020-03-18 15:31:49] 
INFO [2020-03-18 15:31:49] $col
INFO [2020-03-18 15:31:49] c("#440154ff", "#21908dff")
INFO [2020-03-18 15:31:49] 
INFO [2020-03-18 15:31:49] $rotation
INFO [2020-03-18 15:31:49] [1] 1
INFO [2020-03-18 15:31:49] 
