INFO [2020-03-18 15:30:02] $x
INFO [2020-03-18 15:30:02] list(f[!pval_0 == "", pval_0], f[!zuo == "", zuo])
INFO [2020-03-18 15:30:02] 
INFO [2020-03-18 15:30:02] $category.names
INFO [2020-03-18 15:30:02] c("Pvalue=0", "Zuo")
INFO [2020-03-18 15:30:02] 
INFO [2020-03-18 15:30:02] $filename
INFO [2020-03-18 15:30:02] [1] "venn.png"
INFO [2020-03-18 15:30:02] 
INFO [2020-03-18 15:30:02] $output
INFO [2020-03-18 15:30:02] [1] TRUE
INFO [2020-03-18 15:30:02] 
INFO [2020-03-18 15:30:02] $imagetype
INFO [2020-03-18 15:30:02] [1] "png"
INFO [2020-03-18 15:30:02] 
INFO [2020-03-18 15:30:02] $height
INFO [2020-03-18 15:30:02] [1] 480
INFO [2020-03-18 15:30:02] 
INFO [2020-03-18 15:30:02] $width
INFO [2020-03-18 15:30:02] [1] 480
INFO [2020-03-18 15:30:02] 
INFO [2020-03-18 15:30:02] $resolution
INFO [2020-03-18 15:30:02] [1] 300
INFO [2020-03-18 15:30:02] 
INFO [2020-03-18 15:30:02] $compression
INFO [2020-03-18 15:30:02] [1] "lzw"
INFO [2020-03-18 15:30:02] 
INFO [2020-03-18 15:30:02] $lwd
INFO [2020-03-18 15:30:02] [1] 1
INFO [2020-03-18 15:30:02] 
INFO [2020-03-18 15:30:02] $col
INFO [2020-03-18 15:30:02] c("#440154ff", "#21908dff")
INFO [2020-03-18 15:30:02] 
INFO [2020-03-18 15:30:02] $fill
INFO [2020-03-18 15:30:02] c(alpha("#440154ff", 0.3), alpha("#21908dff", 0.3))
INFO [2020-03-18 15:30:02] 
INFO [2020-03-18 15:30:02] $cex
INFO [2020-03-18 15:30:02] [1] 0.5
INFO [2020-03-18 15:30:02] 
INFO [2020-03-18 15:30:02] $fontfamily
INFO [2020-03-18 15:30:02] [1] "sans"
INFO [2020-03-18 15:30:02] 
INFO [2020-03-18 15:30:02] $cat.cex
INFO [2020-03-18 15:30:02] [1] 0.3
INFO [2020-03-18 15:30:02] 
INFO [2020-03-18 15:30:02] $cat.default.pos
INFO [2020-03-18 15:30:02] [1] "outer"
INFO [2020-03-18 15:30:02] 
INFO [2020-03-18 15:30:02] $cat.pos
INFO [2020-03-18 15:30:02] c(-27, 27)
INFO [2020-03-18 15:30:02] 
INFO [2020-03-18 15:30:02] $cat.dist
INFO [2020-03-18 15:30:02] c(0.055, 0.055)
INFO [2020-03-18 15:30:02] 
INFO [2020-03-18 15:30:02] $cat.fontfamily
INFO [2020-03-18 15:30:02] [1] "sans"
INFO [2020-03-18 15:30:02] 
INFO [2020-03-18 15:30:02] $cat.col
INFO [2020-03-18 15:30:02] c("#440154ff", "#21908dff")
INFO [2020-03-18 15:30:02] 
INFO [2020-03-18 15:30:02] $rotation
INFO [2020-03-18 15:30:02] [1] 1
INFO [2020-03-18 15:30:02] 
